{"C:\\Users\\dikyd\\Documents\\PROYECTOS\\DIMS_Astro\\src\\components\\eventos\\BotonSuscripcion.tsx": {"path":"C:\\Users\\dikyd\\Documents\\PROYECTOS\\DIMS_Astro\\src\\components\\eventos\\BotonSuscripcion.tsx","statementMap":{"0":{"start":{"line":12,"column":8},"end":{"line":12,"column":null}},"1":{"start":{"line":13,"column":40},"end":{"line":13,"column":null}},"2":{"start":{"line":15,"column":28},"end":{"line":36,"column":null}},"3":{"start":{"line":16,"column":4},"end":{"line":25,"column":null}},"4":{"start":{"line":18,"column":32},"end":{"line":18,"column":null}},"5":{"start":{"line":19,"column":6},"end":{"line":22,"column":null}},"6":{"start":{"line":20,"column":8},"end":{"line":20,"column":null}},"7":{"start":{"line":21,"column":8},"end":{"line":21,"column":null}},"8":{"start":{"line":27,"column":4},"end":{"line":35,"column":null}},"9":{"start":{"line":29,"column":8},"end":{"line":29,"column":null}},"10":{"start":{"line":32,"column":20},"end":{"line":32,"column":null}},"11":{"start":{"line":33,"column":8},"end":{"line":33,"column":null}},"12":{"start":{"line":39,"column":2},"end":{"line":48,"column":null}},"13":{"start":{"line":40,"column":4},"end":{"line":46,"column":null}},"14":{"start":{"line":50,"column":2},"end":{"line":58,"column":null}}},"fnMap":{"0":{"name":"BotonSuscripcion","decl":{"start":{"line":11,"column":9},"end":{"line":11,"column":26}},"loc":{"start":{"line":11,"column":47},"end":{"line":60,"column":null}},"line":11},"1":{"name":"(anonymous_1)","decl":{"start":{"line":15,"column":28},"end":{"line":15,"column":40}},"loc":{"start":{"line":15,"column":40},"end":{"line":36,"column":null}},"line":15},"2":{"name":"(anonymous_2)","decl":{"start":{"line":28,"column":17},"end":{"line":28,"column":23}},"loc":{"start":{"line":28,"column":23},"end":{"line":30,"column":null}},"line":28},"3":{"name":"(anonymous_3)","decl":{"start":{"line":31,"column":15},"end":{"line":31,"column":16}},"loc":{"start":{"line":31,"column":35},"end":{"line":34,"column":null}},"line":31}},"branchMap":{"0":{"loc":{"start":{"line":16,"column":4},"end":{"line":25,"column":null}},"type":"if","locations":[{"start":{"line":16,"column":4},"end":{"line":25,"column":null}},{"start":{},"end":{}}],"line":16},"1":{"loc":{"start":{"line":19,"column":6},"end":{"line":22,"column":null}},"type":"if","locations":[{"start":{"line":19,"column":6},"end":{"line":22,"column":null}},{"start":{},"end":{}}],"line":19},"2":{"loc":{"start":{"line":32,"column":20},"end":{"line":32,"column":null}},"type":"cond-expr","locations":[{"start":{"line":32,"column":45},"end":{"line":32,"column":61}},{"start":{"line":32,"column":61},"end":{"line":32,"column":null}}],"line":32},"3":{"loc":{"start":{"line":39,"column":2},"end":{"line":48,"column":null}},"type":"if","locations":[{"start":{"line":39,"column":2},"end":{"line":48,"column":null}},{"start":{},"end":{}}],"line":39},"4":{"loc":{"start":{"line":55,"column":10},"end":{"line":55,"column":109}},"type":"cond-expr","locations":[{"start":{"line":55,"column":34},"end":{"line":55,"column":51}},{"start":{"line":55,"column":51},"end":{"line":55,"column":109}}],"line":55},"5":{"loc":{"start":{"line":57,"column":7},"end":{"line":57,"column":null}},"type":"cond-expr","locations":[{"start":{"line":57,"column":31},"end":{"line":57,"column":58}},{"start":{"line":57,"column":58},"end":{"line":57,"column":null}}],"line":57}},"s":{"0":3,"1":3,"2":3,"3":2,"4":1,"5":1,"6":1,"7":1,"8":1,"9":1,"10":0,"11":0,"12":3,"13":1,"14":2},"f":{"0":3,"1":2,"2":1,"3":0},"b":{"0":[1,1],"1":[1,0],"2":[0,0],"3":[1,2],"4":[0,2],"5":[0,2]},"meta":{"lastBranch":6,"lastFunction":4,"lastStatement":15,"seen":{"f:11:9:11:26":0,"s:12:8:12:Infinity":0,"s:13:40:13:Infinity":1,"s:15:28:36:Infinity":2,"f:15:28:15:40":1,"b:16:4:25:Infinity:undefined:undefined:undefined:undefined":0,"s:16:4:25:Infinity":3,"s:18:32:18:Infinity":4,"b:19:6:22:Infinity:undefined:undefined:undefined:undefined":1,"s:19:6:22:Infinity":5,"s:20:8:20:Infinity":6,"s:21:8:21:Infinity":7,"s:27:4:35:Infinity":8,"f:28:17:28:23":2,"s:29:8:29:Infinity":9,"f:31:15:31:16":3,"s:32:20:32:Infinity":10,"b:32:45:32:61:32:61:32:Infinity":2,"s:33:8:33:Infinity":11,"b:39:2:48:Infinity:undefined:undefined:undefined:undefined":3,"s:39:2:48:Infinity":12,"s:40:4:46:Infinity":13,"s:50:2:58:Infinity":14,"b:55:34:55:51:55:51:55:109":4,"b:57:31:57:58:57:58:57:Infinity":5}}}
,"C:\\Users\\dikyd\\Documents\\PROYECTOS\\DIMS_Astro\\src\\hooks\\useEventos.ts": {"path":"C:\\Users\\dikyd\\Documents\\PROYECTOS\\DIMS_Astro\\src\\hooks\\useEventos.ts","statementMap":{"0":{"start":{"line":7,"column":27},"end":{"line":13,"column":null}},"1":{"start":{"line":9,"column":15},"end":{"line":9,"column":null}},"2":{"start":{"line":10,"column":39},"end":{"line":10,"column":null}},"3":{"start":{"line":11,"column":17},"end":{"line":11,"column":null}},"4":{"start":{"line":12,"column":26},"end":{"line":12,"column":null}},"5":{"start":{"line":17,"column":2},"end":{"line":26,"column":null}},"6":{"start":{"line":18,"column":4},"end":{"line":25,"column":null}},"7":{"start":{"line":28,"column":2},"end":{"line":50,"column":null}},"8":{"start":{"line":31,"column":6},"end":{"line":31,"column":null}},"9":{"start":{"line":32,"column":6},"end":{"line":46,"column":null}},"10":{"start":{"line":33,"column":24},"end":{"line":33,"column":null}},"11":{"start":{"line":35,"column":20},"end":{"line":35,"column":null}},"12":{"start":{"line":36,"column":8},"end":{"line":36,"column":null}},"13":{"start":{"line":37,"column":8},"end":{"line":37,"column":null}},"14":{"start":{"line":39,"column":8},"end":{"line":39,"column":null}},"15":{"start":{"line":41,"column":24},"end":{"line":41,"column":null}},"16":{"start":{"line":42,"column":8},"end":{"line":42,"column":null}},"17":{"start":{"line":43,"column":8},"end":{"line":43,"column":null}},"18":{"start":{"line":45,"column":8},"end":{"line":45,"column":null}},"19":{"start":{"line":55,"column":2},"end":{"line":64,"column":null}},"20":{"start":{"line":56,"column":4},"end":{"line":63,"column":null}},"21":{"start":{"line":66,"column":2},"end":{"line":70,"column":null}},"22":{"start":{"line":68,"column":19},"end":{"line":68,"column":null}},"23":{"start":{"line":78,"column":8},"end":{"line":78,"column":null}},"24":{"start":{"line":80,"column":2},"end":{"line":89,"column":null}},"25":{"start":{"line":81,"column":43},"end":{"line":81,"column":null}},"26":{"start":{"line":83,"column":6},"end":{"line":83,"column":null}},"27":{"start":{"line":86,"column":22},"end":{"line":86,"column":null}},"28":{"start":{"line":87,"column":6},"end":{"line":87,"column":null}},"29":{"start":{"line":93,"column":8},"end":{"line":93,"column":null}},"30":{"start":{"line":95,"column":2},"end":{"line":106,"column":null}},"31":{"start":{"line":97,"column":6},"end":{"line":97,"column":null}},"32":{"start":{"line":99,"column":6},"end":{"line":99,"column":null}},"33":{"start":{"line":100,"column":6},"end":{"line":100,"column":null}},"34":{"start":{"line":103,"column":22},"end":{"line":103,"column":null}},"35":{"start":{"line":104,"column":6},"end":{"line":104,"column":null}},"36":{"start":{"line":110,"column":8},"end":{"line":110,"column":null}},"37":{"start":{"line":112,"column":2},"end":{"line":139,"column":null}},"38":{"start":{"line":113,"column":32},"end":{"line":113,"column":null}},"39":{"start":{"line":115,"column":6},"end":{"line":115,"column":null}},"40":{"start":{"line":117,"column":28},"end":{"line":117,"column":null}},"41":{"start":{"line":119,"column":6},"end":{"line":122,"column":null}},"42":{"start":{"line":120,"column":8},"end":{"line":120,"column":null}},"43":{"start":{"line":120,"column":33},"end":{"line":120,"column":null}},"44":{"start":{"line":121,"column":8},"end":{"line":121,"column":null}},"45":{"start":{"line":121,"column":38},"end":{"line":121,"column":49}},"46":{"start":{"line":124,"column":6},"end":{"line":124,"column":null}},"47":{"start":{"line":127,"column":6},"end":{"line":131,"column":null}},"48":{"start":{"line":128,"column":8},"end":{"line":130,"column":null}},"49":{"start":{"line":129,"column":10},"end":{"line":129,"column":null}},"50":{"start":{"line":133,"column":22},"end":{"line":133,"column":null}},"51":{"start":{"line":134,"column":6},"end":{"line":134,"column":null}},"52":{"start":{"line":137,"column":6},"end":{"line":137,"column":null}},"53":{"start":{"line":143,"column":8},"end":{"line":143,"column":null}},"54":{"start":{"line":145,"column":2},"end":{"line":151,"column":null}},"55":{"start":{"line":146,"column":32},"end":{"line":146,"column":null}},"56":{"start":{"line":149,"column":6},"end":{"line":149,"column":null}}},"fnMap":{"0":{"name":"(anonymous_0)","decl":{"start":{"line":9,"column":9},"end":{"line":9,"column":15}},"loc":{"start":{"line":9,"column":15},"end":{"line":9,"column":null}},"line":9},"1":{"name":"(anonymous_1)","decl":{"start":{"line":10,"column":8},"end":{"line":10,"column":9}},"loc":{"start":{"line":10,"column":39},"end":{"line":10,"column":null}},"line":10},"2":{"name":"(anonymous_2)","decl":{"start":{"line":11,"column":11},"end":{"line":11,"column":17}},"loc":{"start":{"line":11,"column":17},"end":{"line":11,"column":null}},"line":11},"3":{"name":"(anonymous_3)","decl":{"start":{"line":12,"column":10},"end":{"line":12,"column":11}},"loc":{"start":{"line":12,"column":26},"end":{"line":12,"column":null}},"line":12},"4":{"name":"useEventos","decl":{"start":{"line":15,"column":16},"end":{"line":15,"column":27}},"loc":{"start":{"line":15,"column":54},"end":{"line":51,"column":null}},"line":15},"5":{"name":"(anonymous_5)","decl":{"start":{"line":30,"column":13},"end":{"line":30,"column":25}},"loc":{"start":{"line":30,"column":25},"end":{"line":47,"column":null}},"line":30},"6":{"name":"useEvento","decl":{"start":{"line":53,"column":16},"end":{"line":53,"column":26}},"loc":{"start":{"line":53,"column":38},"end":{"line":71,"column":null}},"line":53},"7":{"name":"(anonymous_7)","decl":{"start":{"line":68,"column":13},"end":{"line":68,"column":19}},"loc":{"start":{"line":68,"column":19},"end":{"line":68,"column":null}},"line":68},"8":{"name":"useCreateEvento","decl":{"start":{"line":77,"column":16},"end":{"line":77,"column":34}},"loc":{"start":{"line":77,"column":34},"end":{"line":90,"column":null}},"line":77},"9":{"name":"(anonymous_9)","decl":{"start":{"line":81,"column":16},"end":{"line":81,"column":17}},"loc":{"start":{"line":81,"column":43},"end":{"line":81,"column":null}},"line":81},"10":{"name":"(anonymous_10)","decl":{"start":{"line":82,"column":15},"end":{"line":82,"column":21}},"loc":{"start":{"line":82,"column":21},"end":{"line":84,"column":null}},"line":82},"11":{"name":"(anonymous_11)","decl":{"start":{"line":85,"column":13},"end":{"line":85,"column":14}},"loc":{"start":{"line":85,"column":24},"end":{"line":88,"column":null}},"line":85},"12":{"name":"useUpdateEvento","decl":{"start":{"line":92,"column":16},"end":{"line":92,"column":34}},"loc":{"start":{"line":92,"column":34},"end":{"line":107,"column":null}},"line":92},"13":{"name":"(anonymous_13)","decl":{"start":{"line":96,"column":16},"end":{"line":96,"column":17}},"loc":{"start":{"line":97,"column":6},"end":{"line":97,"column":null}},"line":97},"14":{"name":"(anonymous_14)","decl":{"start":{"line":98,"column":15},"end":{"line":98,"column":16}},"loc":{"start":{"line":98,"column":33},"end":{"line":101,"column":null}},"line":98},"15":{"name":"(anonymous_15)","decl":{"start":{"line":102,"column":13},"end":{"line":102,"column":14}},"loc":{"start":{"line":102,"column":24},"end":{"line":105,"column":null}},"line":102},"16":{"name":"useDeleteEvento","decl":{"start":{"line":109,"column":16},"end":{"line":109,"column":34}},"loc":{"start":{"line":109,"column":34},"end":{"line":140,"column":null}},"line":109},"17":{"name":"(anonymous_17)","decl":{"start":{"line":113,"column":16},"end":{"line":113,"column":17}},"loc":{"start":{"line":113,"column":32},"end":{"line":113,"column":null}},"line":113},"18":{"name":"(anonymous_18)","decl":{"start":{"line":114,"column":14},"end":{"line":114,"column":21}},"loc":{"start":{"line":114,"column":28},"end":{"line":125,"column":null}},"line":114},"19":{"name":"(anonymous_19)","decl":{"start":{"line":119,"column":68},"end":{"line":119,"column":69}},"loc":{"start":{"line":119,"column":82},"end":{"line":122,"column":7}},"line":119},"20":{"name":"(anonymous_20)","decl":{"start":{"line":121,"column":26},"end":{"line":121,"column":27}},"loc":{"start":{"line":121,"column":38},"end":{"line":121,"column":49}},"line":121},"21":{"name":"(anonymous_21)","decl":{"start":{"line":126,"column":13},"end":{"line":126,"column":14}},"loc":{"start":{"line":126,"column":37},"end":{"line":135,"column":null}},"line":126},"22":{"name":"(anonymous_22)","decl":{"start":{"line":128,"column":38},"end":{"line":128,"column":39}},"loc":{"start":{"line":128,"column":60},"end":{"line":130,"column":9}},"line":128},"23":{"name":"(anonymous_23)","decl":{"start":{"line":136,"column":15},"end":{"line":136,"column":21}},"loc":{"start":{"line":136,"column":21},"end":{"line":138,"column":null}},"line":136},"24":{"name":"useSuscribirEvento","decl":{"start":{"line":142,"column":18},"end":{"line":142,"column":39}},"loc":{"start":{"line":142,"column":39},"end":{"line":152,"column":null}},"line":142},"25":{"name":"(anonymous_25)","decl":{"start":{"line":146,"column":16},"end":{"line":146,"column":17}},"loc":{"start":{"line":146,"column":32},"end":{"line":146,"column":null}},"line":146},"26":{"name":"(anonymous_26)","decl":{"start":{"line":147,"column":15},"end":{"line":147,"column":16}},"loc":{"start":{"line":147,"column":26},"end":{"line":150,"column":null}},"line":147}},"branchMap":{"0":{"loc":{"start":{"line":17,"column":2},"end":{"line":26,"column":null}},"type":"if","locations":[{"start":{"line":17,"column":2},"end":{"line":26,"column":null}},{"start":{},"end":{}}],"line":17},"1":{"loc":{"start":{"line":35,"column":20},"end":{"line":35,"column":null}},"type":"binary-expr","locations":[{"start":{"line":35,"column":20},"end":{"line":35,"column":53}},{"start":{"line":35,"column":53},"end":{"line":35,"column":null}}],"line":35},"2":{"loc":{"start":{"line":41,"column":24},"end":{"line":41,"column":null}},"type":"cond-expr","locations":[{"start":{"line":41,"column":49},"end":{"line":41,"column":65}},{"start":{"line":41,"column":65},"end":{"line":41,"column":null}}],"line":41},"3":{"loc":{"start":{"line":55,"column":2},"end":{"line":64,"column":null}},"type":"if","locations":[{"start":{"line":55,"column":2},"end":{"line":64,"column":null}},{"start":{},"end":{}}],"line":55},"4":{"loc":{"start":{"line":86,"column":22},"end":{"line":86,"column":null}},"type":"cond-expr","locations":[{"start":{"line":86,"column":47},"end":{"line":86,"column":63}},{"start":{"line":86,"column":63},"end":{"line":86,"column":null}}],"line":86},"5":{"loc":{"start":{"line":103,"column":22},"end":{"line":103,"column":null}},"type":"cond-expr","locations":[{"start":{"line":103,"column":47},"end":{"line":103,"column":63}},{"start":{"line":103,"column":63},"end":{"line":103,"column":null}}],"line":103},"6":{"loc":{"start":{"line":120,"column":8},"end":{"line":120,"column":null}},"type":"if","locations":[{"start":{"line":120,"column":8},"end":{"line":120,"column":null}},{"start":{},"end":{}}],"line":120},"7":{"loc":{"start":{"line":127,"column":6},"end":{"line":131,"column":null}},"type":"if","locations":[{"start":{"line":127,"column":6},"end":{"line":131,"column":null}},{"start":{},"end":{}}],"line":127},"8":{"loc":{"start":{"line":133,"column":22},"end":{"line":133,"column":null}},"type":"cond-expr","locations":[{"start":{"line":133,"column":47},"end":{"line":133,"column":63}},{"start":{"line":133,"column":63},"end":{"line":133,"column":null}}],"line":133}},"s":{"0":1,"1":0,"2":0,"3":0,"4":0,"5":0,"6":0,"7":0,"8":0,"9":0,"10":0,"11":0,"12":0,"13":0,"14":0,"15":0,"16":0,"17":0,"18":0,"19":0,"20":0,"21":0,"22":0,"23":0,"24":0,"25":0,"26":0,"27":0,"28":0,"29":0,"30":0,"31":0,"32":0,"33":0,"34":0,"35":0,"36":0,"37":0,"38":0,"39":0,"40":0,"41":0,"42":0,"43":0,"44":0,"45":0,"46":0,"47":0,"48":0,"49":0,"50":0,"51":0,"52":0,"53":3,"54":3,"55":1,"56":1},"f":{"0":0,"1":0,"2":0,"3":0,"4":0,"5":0,"6":0,"7":0,"8":0,"9":0,"10":0,"11":0,"12":0,"13":0,"14":0,"15":0,"16":0,"17":0,"18":0,"19":0,"20":0,"21":0,"22":0,"23":0,"24":3,"25":1,"26":1},"b":{"0":[0,0],"1":[0,0],"2":[0,0],"3":[0,0],"4":[0,0],"5":[0,0],"6":[0,0],"7":[0,0],"8":[0,0]},"meta":{"lastBranch":9,"lastFunction":27,"lastStatement":57,"seen":{"s:7:27:13:Infinity":0,"f:9:9:9:15":0,"s:9:15:9:Infinity":1,"f:10:8:10:9":1,"s:10:39:10:Infinity":2,"f:11:11:11:17":2,"s:11:17:11:Infinity":3,"f:12:10:12:11":3,"s:12:26:12:Infinity":4,"f:15:16:15:27":4,"b:17:2:26:Infinity:undefined:undefined:undefined:undefined":0,"s:17:2:26:Infinity":5,"s:18:4:25:Infinity":6,"s:28:2:50:Infinity":7,"f:30:13:30:25":5,"s:31:6:31:Infinity":8,"s:32:6:46:Infinity":9,"s:33:24:33:Infinity":10,"s:35:20:35:Infinity":11,"b:35:20:35:53:35:53:35:Infinity":1,"s:36:8:36:Infinity":12,"s:37:8:37:Infinity":13,"s:39:8:39:Infinity":14,"s:41:24:41:Infinity":15,"b:41:49:41:65:41:65:41:Infinity":2,"s:42:8:42:Infinity":16,"s:43:8:43:Infinity":17,"s:45:8:45:Infinity":18,"f:53:16:53:26":6,"b:55:2:64:Infinity:undefined:undefined:undefined:undefined":3,"s:55:2:64:Infinity":19,"s:56:4:63:Infinity":20,"s:66:2:70:Infinity":21,"f:68:13:68:19":7,"s:68:19:68:Infinity":22,"f:77:16:77:34":8,"s:78:8:78:Infinity":23,"s:80:2:89:Infinity":24,"f:81:16:81:17":9,"s:81:43:81:Infinity":25,"f:82:15:82:21":10,"s:83:6:83:Infinity":26,"f:85:13:85:14":11,"s:86:22:86:Infinity":27,"b:86:47:86:63:86:63:86:Infinity":4,"s:87:6:87:Infinity":28,"f:92:16:92:34":12,"s:93:8:93:Infinity":29,"s:95:2:106:Infinity":30,"f:96:16:96:17":13,"s:97:6:97:Infinity":31,"f:98:15:98:16":14,"s:99:6:99:Infinity":32,"s:100:6:100:Infinity":33,"f:102:13:102:14":15,"s:103:22:103:Infinity":34,"b:103:47:103:63:103:63:103:Infinity":5,"s:104:6:104:Infinity":35,"f:109:16:109:34":16,"s:110:8:110:Infinity":36,"s:112:2:139:Infinity":37,"f:113:16:113:17":17,"s:113:32:113:Infinity":38,"f:114:14:114:21":18,"s:115:6:115:Infinity":39,"s:117:28:117:Infinity":40,"s:119:6:122:Infinity":41,"f:119:68:119:69":19,"b:120:8:120:Infinity:undefined:undefined:undefined:undefined":6,"s:120:8:120:Infinity":42,"s:120:33:120:Infinity":43,"s:121:8:121:Infinity":44,"f:121:26:121:27":20,"s:121:38:121:49":45,"s:124:6:124:Infinity":46,"f:126:13:126:14":21,"b:127:6:131:Infinity:undefined:undefined:undefined:undefined":7,"s:127:6:131:Infinity":47,"s:128:8:130:Infinity":48,"f:128:38:128:39":22,"s:129:10:129:Infinity":49,"s:133:22:133:Infinity":50,"b:133:47:133:63:133:63:133:Infinity":8,"s:134:6:134:Infinity":51,"f:136:15:136:21":23,"s:137:6:137:Infinity":52,"f:142:18:142:39":24,"s:143:8:143:Infinity":53,"s:145:2:151:Infinity":54,"f:146:16:146:17":25,"s:146:32:146:Infinity":55,"f:147:15:147:16":26,"s:149:6:149:Infinity":56}}}
,"C:\\Users\\dikyd\\Documents\\PROYECTOS\\DIMS_Astro\\src\\lib\\isSSR.ts": {"path":"C:\\Users\\dikyd\\Documents\\PROYECTOS\\DIMS_Astro\\src\\lib\\isSSR.ts","statementMap":{"0":{"start":{"line":3,"column":2},"end":{"line":3,"column":null}}},"fnMap":{"0":{"name":"isSSR","decl":{"start":{"line":2,"column":16},"end":{"line":2,"column":24}},"loc":{"start":{"line":2,"column":24},"end":{"line":4,"column":null}},"line":2}},"branchMap":{},"s":{"0":0},"f":{"0":0},"b":{},"meta":{"lastBranch":0,"lastFunction":1,"lastStatement":1,"seen":{"f:2:16:2:24":0,"s:3:2:3:Infinity":0}}}
,"C:\\Users\\dikyd\\Documents\\PROYECTOS\\DIMS_Astro\\src\\lib\\jwt.ts": {"path":"C:\\Users\\dikyd\\Documents\\PROYECTOS\\DIMS_Astro\\src\\lib\\jwt.ts","statementMap":{"0":{"start":{"line":7,"column":2},"end":{"line":31,"column":null}},"1":{"start":{"line":8,"column":22},"end":{"line":8,"column":null}},"2":{"start":{"line":9,"column":4},"end":{"line":9,"column":null}},"3":{"start":{"line":9,"column":20},"end":{"line":9,"column":null}},"4":{"start":{"line":11,"column":19},"end":{"line":11,"column":null}},"5":{"start":{"line":15,"column":6},"end":{"line":25,"column":null}},"6":{"start":{"line":22,"column":14},"end":{"line":22,"column":null}},"7":{"start":{"line":27,"column":4},"end":{"line":27,"column":null}},"8":{"start":{"line":29,"column":4},"end":{"line":29,"column":null}},"9":{"start":{"line":30,"column":4},"end":{"line":30,"column":null}},"10":{"start":{"line":35,"column":18},"end":{"line":35,"column":null}},"11":{"start":{"line":37,"column":2},"end":{"line":40,"column":null}},"12":{"start":{"line":49,"column":2},"end":{"line":49,"column":null}},"13":{"start":{"line":49,"column":14},"end":{"line":49,"column":null}},"14":{"start":{"line":50,"column":18},"end":{"line":50,"column":null}},"15":{"start":{"line":51,"column":2},"end":{"line":51,"column":null}},"16":{"start":{"line":51,"column":51},"end":{"line":51,"column":null}},"17":{"start":{"line":53,"column":2},"end":{"line":53,"column":null}}},"fnMap":{"0":{"name":"decodeJwtPayload","decl":{"start":{"line":6,"column":16},"end":{"line":6,"column":33}},"loc":{"start":{"line":6,"column":80},"end":{"line":32,"column":null}},"line":6},"1":{"name":"(anonymous_1)","decl":{"start":{"line":21,"column":17},"end":{"line":21,"column":18}},"loc":{"start":{"line":21,"column":24},"end":{"line":23,"column":13}},"line":21},"2":{"name":"getUserRoleFromToken","decl":{"start":{"line":34,"column":16},"end":{"line":34,"column":37}},"loc":{"start":{"line":34,"column":67},"end":{"line":42,"column":null}},"line":34},"3":{"name":"isTokenExpired","decl":{"start":{"line":48,"column":16},"end":{"line":48,"column":31}},"loc":{"start":{"line":48,"column":55},"end":{"line":54,"column":null}},"line":48}},"branchMap":{"0":{"loc":{"start":{"line":9,"column":4},"end":{"line":9,"column":null}},"type":"if","locations":[{"start":{"line":9,"column":4},"end":{"line":9,"column":null}},{"start":{},"end":{}}],"line":9},"1":{"loc":{"start":{"line":15,"column":6},"end":{"line":25,"column":null}},"type":"cond-expr","locations":[{"start":{"line":16,"column":10},"end":{"line":16,"column":null}},{"start":{"line":17,"column":10},"end":{"line":25,"column":null}}],"line":15},"2":{"loc":{"start":{"line":38,"column":5},"end":{"line":40,"column":null}},"type":"binary-expr","locations":[{"start":{"line":38,"column":5},"end":{"line":38,"column":null}},{"start":{"line":39,"column":5},"end":{"line":39,"column":null}},{"start":{"line":40,"column":4},"end":{"line":40,"column":null}}],"line":38},"3":{"loc":{"start":{"line":49,"column":2},"end":{"line":49,"column":null}},"type":"if","locations":[{"start":{"line":49,"column":2},"end":{"line":49,"column":null}},{"start":{},"end":{}}],"line":49},"4":{"loc":{"start":{"line":51,"column":2},"end":{"line":51,"column":null}},"type":"if","locations":[{"start":{"line":51,"column":2},"end":{"line":51,"column":null}},{"start":{},"end":{}}],"line":51},"5":{"loc":{"start":{"line":51,"column":6},"end":{"line":51,"column":51}},"type":"binary-expr","locations":[{"start":{"line":51,"column":6},"end":{"line":51,"column":18}},{"start":{"line":51,"column":18},"end":{"line":51,"column":51}}],"line":51}},"s":{"0":5,"1":5,"2":5,"3":0,"4":5,"5":5,"6":137,"7":5,"8":0,"9":0,"10":1,"11":1,"12":3,"13":0,"14":3,"15":3,"16":0,"17":3},"f":{"0":5,"1":137,"2":1,"3":3},"b":{"0":[0,5],"1":[0,5],"2":[1,0,0],"3":[0,3],"4":[0,3],"5":[3,3]},"meta":{"lastBranch":6,"lastFunction":4,"lastStatement":18,"seen":{"f:6:16:6:33":0,"s:7:2:31:Infinity":0,"s:8:22:8:Infinity":1,"b:9:4:9:Infinity:undefined:undefined:undefined:undefined":0,"s:9:4:9:Infinity":2,"s:9:20:9:Infinity":3,"s:11:19:11:Infinity":4,"s:15:6:25:Infinity":5,"b:16:10:16:Infinity:17:10:25:Infinity":1,"f:21:17:21:18":1,"s:22:14:22:Infinity":6,"s:27:4:27:Infinity":7,"s:29:4:29:Infinity":8,"s:30:4:30:Infinity":9,"f:34:16:34:37":2,"s:35:18:35:Infinity":10,"s:37:2:40:Infinity":11,"b:38:5:38:Infinity:39:5:39:Infinity:40:4:40:Infinity":2,"f:48:16:48:31":3,"b:49:2:49:Infinity:undefined:undefined:undefined:undefined":3,"s:49:2:49:Infinity":12,"s:49:14:49:Infinity":13,"s:50:18:50:Infinity":14,"b:51:2:51:Infinity:undefined:undefined:undefined:undefined":4,"s:51:2:51:Infinity":15,"b:51:6:51:18:51:18:51:51":5,"s:51:51:51:Infinity":16,"s:53:2:53:Infinity":17}}}
,"C:\\Users\\dikyd\\Documents\\PROYECTOS\\DIMS_Astro\\src\\lib\\queryClient.tsx": {"path":"C:\\Users\\dikyd\\Documents\\PROYECTOS\\DIMS_Astro\\src\\lib\\queryClient.tsx","statementMap":{"0":{"start":{"line":6,"column":27},"end":{"line":15,"column":null}},"1":{"start":{"line":19,"column":2},"end":{"line":26,"column":null}},"2":{"start":{"line":20,"column":4},"end":{"line":24,"column":null}}},"fnMap":{"0":{"name":"withQueryClient","decl":{"start":{"line":18,"column":16},"end":{"line":18,"column":50}},"loc":{"start":{"line":18,"column":85},"end":{"line":27,"column":null}},"line":18},"1":{"name":"QueryWrappedComponent","decl":{"start":{"line":19,"column":18},"end":{"line":19,"column":40}},"loc":{"start":{"line":19,"column":50},"end":{"line":26,"column":null}},"line":19}},"branchMap":{},"s":{"0":1,"1":1,"2":2},"f":{"0":1,"1":2},"b":{},"meta":{"lastBranch":0,"lastFunction":2,"lastStatement":3,"seen":{"s:6:27:15:Infinity":0,"f:18:16:18:50":0,"s:19:2:26:Infinity":1,"f:19:18:19:40":1,"s:20:4:24:Infinity":2}}}
,"C:\\Users\\dikyd\\Documents\\PROYECTOS\\DIMS_Astro\\src\\stores\\auth.ts": {"path":"C:\\Users\\dikyd\\Documents\\PROYECTOS\\DIMS_Astro\\src\\stores\\auth.ts","statementMap":{"0":{"start":{"line":12,"column":13},"end":{"line":21,"column":null}},"1":{"start":{"line":18,"column":6},"end":{"line":18,"column":null}},"2":{"start":{"line":18,"column":12},"end":{"line":18,"column":35}},"3":{"start":{"line":18,"column":45},"end":{"line":18,"column":57}},"4":{"start":{"line":24,"column":13},"end":{"line":24,"column":null}},"5":{"start":{"line":27,"column":13},"end":{"line":27,"column":null}},"6":{"start":{"line":29,"column":13},"end":{"line":29,"column":null}},"7":{"start":{"line":30,"column":13},"end":{"line":30,"column":null}},"8":{"start":{"line":33,"column":2},"end":{"line":33,"column":null}},"9":{"start":{"line":34,"column":2},"end":{"line":34,"column":null}},"10":{"start":{"line":35,"column":2},"end":{"line":35,"column":null}},"11":{"start":{"line":36,"column":2},"end":{"line":36,"column":null}},"12":{"start":{"line":38,"column":2},"end":{"line":41,"column":null}},"13":{"start":{"line":40,"column":4},"end":{"line":40,"column":null}},"14":{"start":{"line":45,"column":2},"end":{"line":45,"column":null}},"15":{"start":{"line":46,"column":2},"end":{"line":46,"column":null}},"16":{"start":{"line":47,"column":2},"end":{"line":47,"column":null}},"17":{"start":{"line":49,"column":2},"end":{"line":56,"column":null}},"18":{"start":{"line":50,"column":4},"end":{"line":50,"column":null}},"19":{"start":{"line":51,"column":4},"end":{"line":51,"column":null}},"20":{"start":{"line":52,"column":4},"end":{"line":52,"column":null}},"21":{"start":{"line":55,"column":4},"end":{"line":55,"column":null}},"22":{"start":{"line":59,"column":51},"end":{"line":59,"column":77}},"23":{"start":{"line":60,"column":53},"end":{"line":60,"column":75}},"24":{"start":{"line":63,"column":16},"end":{"line":63,"column":null}},"25":{"start":{"line":64,"column":2},"end":{"line":64,"column":null}},"26":{"start":{"line":64,"column":14},"end":{"line":64,"column":null}},"27":{"start":{"line":66,"column":2},"end":{"line":66,"column":null}},"28":{"start":{"line":70,"column":2},"end":{"line":70,"column":null}},"29":{"start":{"line":74,"column":2},"end":{"line":74,"column":null}},"30":{"start":{"line":75,"column":2},"end":{"line":75,"column":null}},"31":{"start":{"line":77,"column":2},"end":{"line":80,"column":null}},"32":{"start":{"line":79,"column":4},"end":{"line":79,"column":null}}},"fnMap":{"0":{"name":"(anonymous_0)","decl":{"start":{"line":17,"column":12},"end":{"line":17,"column":13}},"loc":{"start":{"line":17,"column":21},"end":{"line":19,"column":null}},"line":17},"1":{"name":"login","decl":{"start":{"line":32,"column":16},"end":{"line":32,"column":22}},"loc":{"start":{"line":32,"column":77},"end":{"line":42,"column":null}},"line":32},"2":{"name":"logout","decl":{"start":{"line":44,"column":16},"end":{"line":44,"column":25}},"loc":{"start":{"line":44,"column":25},"end":{"line":57,"column":null}},"line":44},"3":{"name":"setAuthLoading","decl":{"start":{"line":59,"column":16},"end":{"line":59,"column":31}},"loc":{"start":{"line":59,"column":49},"end":{"line":59,"column":null}},"line":59},"4":{"name":"setAuthError","decl":{"start":{"line":60,"column":16},"end":{"line":60,"column":29}},"loc":{"start":{"line":60,"column":51},"end":{"line":60,"column":null}},"line":60},"5":{"name":"isAuthenticated","decl":{"start":{"line":62,"column":16},"end":{"line":62,"column":43}},"loc":{"start":{"line":62,"column":43},"end":{"line":67,"column":null}},"line":62},"6":{"name":"getAccessToken","decl":{"start":{"line":69,"column":16},"end":{"line":69,"column":41}},"loc":{"start":{"line":69,"column":41},"end":{"line":71,"column":null}},"line":69},"7":{"name":"setTokens","decl":{"start":{"line":73,"column":16},"end":{"line":73,"column":26}},"loc":{"start":{"line":73,"column":69},"end":{"line":81,"column":null}},"line":73}},"branchMap":{"0":{"loc":{"start":{"line":38,"column":2},"end":{"line":41,"column":null}},"type":"if","locations":[{"start":{"line":38,"column":2},"end":{"line":41,"column":null}},{"start":{},"end":{}}],"line":38},"1":{"loc":{"start":{"line":49,"column":2},"end":{"line":56,"column":null}},"type":"if","locations":[{"start":{"line":49,"column":2},"end":{"line":56,"column":null}},{"start":{},"end":{}}],"line":49},"2":{"loc":{"start":{"line":64,"column":2},"end":{"line":64,"column":null}},"type":"if","locations":[{"start":{"line":64,"column":2},"end":{"line":64,"column":null}},{"start":{},"end":{}}],"line":64},"3":{"loc":{"start":{"line":77,"column":2},"end":{"line":80,"column":null}},"type":"if","locations":[{"start":{"line":77,"column":2},"end":{"line":80,"column":null}},{"start":{},"end":{}}],"line":77}},"s":{"0":2,"1":0,"2":0,"3":0,"4":2,"5":2,"6":2,"7":2,"8":2,"9":2,"10":2,"11":2,"12":2,"13":2,"14":1,"15":1,"16":1,"17":1,"18":1,"19":1,"20":1,"21":1,"22":0,"23":0,"24":4,"25":4,"26":2,"27":2,"28":0,"29":1,"30":1,"31":1,"32":1},"f":{"0":0,"1":2,"2":1,"3":0,"4":0,"5":4,"6":0,"7":1},"b":{"0":[2,0],"1":[1,0],"2":[2,2],"3":[1,0]},"meta":{"lastBranch":4,"lastFunction":8,"lastStatement":33,"seen":{"s:12:13:21:Infinity":0,"f:17:12:17:13":0,"s:18:6:18:Infinity":1,"s:18:12:18:35":2,"s:18:45:18:57":3,"s:24:13:24:Infinity":4,"s:27:13:27:Infinity":5,"s:29:13:29:Infinity":6,"s:30:13:30:Infinity":7,"f:32:16:32:22":1,"s:33:2:33:Infinity":8,"s:34:2:34:Infinity":9,"s:35:2:35:Infinity":10,"s:36:2:36:Infinity":11,"b:38:2:41:Infinity:undefined:undefined:undefined:undefined":0,"s:38:2:41:Infinity":12,"s:40:4:40:Infinity":13,"f:44:16:44:25":2,"s:45:2:45:Infinity":14,"s:46:2:46:Infinity":15,"s:47:2:47:Infinity":16,"b:49:2:56:Infinity:undefined:undefined:undefined:undefined":1,"s:49:2:56:Infinity":17,"s:50:4:50:Infinity":18,"s:51:4:51:Infinity":19,"s:52:4:52:Infinity":20,"s:55:4:55:Infinity":21,"f:59:16:59:31":3,"s:59:51:59:77":22,"f:60:16:60:29":4,"s:60:53:60:75":23,"f:62:16:62:43":5,"s:63:16:63:Infinity":24,"b:64:2:64:Infinity:undefined:undefined:undefined:undefined":2,"s:64:2:64:Infinity":25,"s:64:14:64:Infinity":26,"s:66:2:66:Infinity":27,"f:69:16:69:41":6,"s:70:2:70:Infinity":28,"f:73:16:73:26":7,"s:74:2:74:Infinity":29,"s:75:2:75:Infinity":30,"b:77:2:80:Infinity:undefined:undefined:undefined:undefined":3,"s:77:2:80:Infinity":31,"s:79:4:79:Infinity":32}}}
,"C:\\Users\\dikyd\\Documents\\PROYECTOS\\DIMS_Astro\\src\\stores\\eventos.ts": {"path":"C:\\Users\\dikyd\\Documents\\PROYECTOS\\DIMS_Astro\\src\\stores\\eventos.ts","statementMap":{"0":{"start":{"line":5,"column":13},"end":{"line":5,"column":null}},"1":{"start":{"line":6,"column":13},"end":{"line":6,"column":null}},"2":{"start":{"line":7,"column":13},"end":{"line":7,"column":null}},"3":{"start":{"line":14,"column":2},"end":{"line":14,"column":null}},"4":{"start":{"line":18,"column":18},"end":{"line":18,"column":null}},"5":{"start":{"line":19,"column":2},"end":{"line":19,"column":null}},"6":{"start":{"line":23,"column":18},"end":{"line":23,"column":null}},"7":{"start":{"line":24,"column":2},"end":{"line":27,"column":null}},"8":{"start":{"line":26,"column":24},"end":{"line":26,"column":69}},"9":{"start":{"line":31,"column":18},"end":{"line":31,"column":null}},"10":{"start":{"line":32,"column":2},"end":{"line":35,"column":null}},"11":{"start":{"line":34,"column":26},"end":{"line":34,"column":37}},"12":{"start":{"line":39,"column":2},"end":{"line":39,"column":null}},"13":{"start":{"line":43,"column":2},"end":{"line":43,"column":null}},"14":{"start":{"line":47,"column":2},"end":{"line":53,"column":null}},"15":{"start":{"line":48,"column":18},"end":{"line":48,"column":null}},"16":{"start":{"line":49,"column":4},"end":{"line":49,"column":null}},"17":{"start":{"line":50,"column":4},"end":{"line":50,"column":null}},"18":{"start":{"line":52,"column":4},"end":{"line":52,"column":null}},"19":{"start":{"line":61,"column":2},"end":{"line":64,"column":null}},"20":{"start":{"line":62,"column":16},"end":{"line":62,"column":null}},"21":{"start":{"line":63,"column":4},"end":{"line":63,"column":null}},"22":{"start":{"line":67,"column":13},"end":{"line":74,"column":null}},"23":{"start":{"line":68,"column":21},"end":{"line":68,"column":null}},"24":{"start":{"line":69,"column":14},"end":{"line":69,"column":null}},"25":{"start":{"line":70,"column":2},"end":{"line":73,"column":null}},"26":{"start":{"line":71,"column":19},"end":{"line":71,"column":48}},"27":{"start":{"line":72,"column":20},"end":{"line":72,"column":89}}},"fnMap":{"0":{"name":"setEventos","decl":{"start":{"line":13,"column":16},"end":{"line":13,"column":27}},"loc":{"start":{"line":13,"column":59},"end":{"line":15,"column":null}},"line":13},"1":{"name":"addEvento","decl":{"start":{"line":17,"column":16},"end":{"line":17,"column":26}},"loc":{"start":{"line":17,"column":55},"end":{"line":20,"column":null}},"line":17},"2":{"name":"updateEvento","decl":{"start":{"line":22,"column":16},"end":{"line":22,"column":29}},"loc":{"start":{"line":22,"column":86},"end":{"line":28,"column":null}},"line":22},"3":{"name":"(anonymous_3)","decl":{"start":{"line":26,"column":16},"end":{"line":26,"column":17}},"loc":{"start":{"line":26,"column":24},"end":{"line":26,"column":69}},"line":26},"4":{"name":"removeEvento","decl":{"start":{"line":30,"column":16},"end":{"line":30,"column":29}},"loc":{"start":{"line":30,"column":54},"end":{"line":36,"column":null}},"line":30},"5":{"name":"(anonymous_5)","decl":{"start":{"line":34,"column":19},"end":{"line":34,"column":20}},"loc":{"start":{"line":34,"column":26},"end":{"line":34,"column":37}},"line":34},"6":{"name":"setEventosLoading","decl":{"start":{"line":38,"column":16},"end":{"line":38,"column":34}},"loc":{"start":{"line":38,"column":52},"end":{"line":40,"column":null}},"line":38},"7":{"name":"setEventosError","decl":{"start":{"line":42,"column":16},"end":{"line":42,"column":32}},"loc":{"start":{"line":42,"column":54},"end":{"line":44,"column":null}},"line":42},"8":{"name":"invalidateEventosCache","decl":{"start":{"line":46,"column":16},"end":{"line":46,"column":39}},"loc":{"start":{"line":46,"column":68},"end":{"line":54,"column":null}},"line":46},"9":{"name":"getEventosPorCarrera","decl":{"start":{"line":60,"column":16},"end":{"line":60,"column":37}},"loc":{"start":{"line":60,"column":65},"end":{"line":65,"column":null}},"line":60},"10":{"name":"(anonymous_10)","decl":{"start":{"line":61,"column":33},"end":{"line":61,"column":34}},"loc":{"start":{"line":61,"column":44},"end":{"line":64,"column":3}},"line":61},"11":{"name":"(anonymous_11)","decl":{"start":{"line":67,"column":56},"end":{"line":67,"column":57}},"loc":{"start":{"line":67,"column":67},"end":{"line":74,"column":1}},"line":67},"12":{"name":"(anonymous_12)","decl":{"start":{"line":71,"column":12},"end":{"line":71,"column":13}},"loc":{"start":{"line":71,"column":19},"end":{"line":71,"column":48}},"line":71},"13":{"name":"(anonymous_13)","decl":{"start":{"line":72,"column":10},"end":{"line":72,"column":11}},"loc":{"start":{"line":72,"column":20},"end":{"line":72,"column":89}},"line":72}},"branchMap":{"0":{"loc":{"start":{"line":18,"column":18},"end":{"line":18,"column":null}},"type":"binary-expr","locations":[{"start":{"line":18,"column":18},"end":{"line":18,"column":46}},{"start":{"line":18,"column":46},"end":{"line":18,"column":null}}],"line":18},"1":{"loc":{"start":{"line":23,"column":18},"end":{"line":23,"column":null}},"type":"binary-expr","locations":[{"start":{"line":23,"column":18},"end":{"line":23,"column":46}},{"start":{"line":23,"column":46},"end":{"line":23,"column":null}}],"line":23},"2":{"loc":{"start":{"line":26,"column":24},"end":{"line":26,"column":69}},"type":"cond-expr","locations":[{"start":{"line":26,"column":38},"end":{"line":26,"column":67}},{"start":{"line":26,"column":67},"end":{"line":26,"column":69}}],"line":26},"3":{"loc":{"start":{"line":31,"column":18},"end":{"line":31,"column":null}},"type":"binary-expr","locations":[{"start":{"line":31,"column":18},"end":{"line":31,"column":46}},{"start":{"line":31,"column":46},"end":{"line":31,"column":null}}],"line":31},"4":{"loc":{"start":{"line":47,"column":2},"end":{"line":53,"column":null}},"type":"if","locations":[{"start":{"line":47,"column":2},"end":{"line":53,"column":null}},{"start":{"line":51,"column":9},"end":{"line":53,"column":null}}],"line":47},"5":{"loc":{"start":{"line":62,"column":16},"end":{"line":62,"column":null}},"type":"binary-expr","locations":[{"start":{"line":62,"column":16},"end":{"line":62,"column":31}},{"start":{"line":62,"column":31},"end":{"line":62,"column":null}}],"line":62},"6":{"loc":{"start":{"line":63,"column":11},"end":{"line":63,"column":null}},"type":"binary-expr","locations":[{"start":{"line":63,"column":11},"end":{"line":63,"column":25}},{"start":{"line":63,"column":25},"end":{"line":63,"column":null}}],"line":63}},"s":{"0":1,"1":1,"2":1,"3":0,"4":0,"5":0,"6":0,"7":0,"8":0,"9":0,"10":0,"11":0,"12":0,"13":0,"14":0,"15":0,"16":0,"17":0,"18":0,"19":0,"20":0,"21":0,"22":1,"23":0,"24":0,"25":0,"26":0,"27":0},"f":{"0":0,"1":0,"2":0,"3":0,"4":0,"5":0,"6":0,"7":0,"8":0,"9":0,"10":0,"11":0,"12":0,"13":0},"b":{"0":[0,0],"1":[0,0],"2":[0,0],"3":[0,0],"4":[0,0],"5":[0,0],"6":[0,0]},"meta":{"lastBranch":7,"lastFunction":14,"lastStatement":28,"seen":{"s:5:13:5:Infinity":0,"s:6:13:6:Infinity":1,"s:7:13:7:Infinity":2,"f:13:16:13:27":0,"s:14:2:14:Infinity":3,"f:17:16:17:26":1,"s:18:18:18:Infinity":4,"b:18:18:18:46:18:46:18:Infinity":0,"s:19:2:19:Infinity":5,"f:22:16:22:29":2,"s:23:18:23:Infinity":6,"b:23:18:23:46:23:46:23:Infinity":1,"s:24:2:27:Infinity":7,"f:26:16:26:17":3,"s:26:24:26:69":8,"b:26:38:26:67:26:67:26:69":2,"f:30:16:30:29":4,"s:31:18:31:Infinity":9,"b:31:18:31:46:31:46:31:Infinity":3,"s:32:2:35:Infinity":10,"f:34:19:34:20":5,"s:34:26:34:37":11,"f:38:16:38:34":6,"s:39:2:39:Infinity":12,"f:42:16:42:32":7,"s:43:2:43:Infinity":13,"f:46:16:46:39":8,"b:47:2:53:Infinity:51:9:53:Infinity":4,"s:47:2:53:Infinity":14,"s:48:18:48:Infinity":15,"s:49:4:49:Infinity":16,"s:50:4:50:Infinity":17,"s:52:4:52:Infinity":18,"f:60:16:60:37":9,"s:61:2:64:Infinity":19,"f:61:33:61:34":10,"s:62:16:62:Infinity":20,"b:62:16:62:31:62:31:62:Infinity":5,"s:63:4:63:Infinity":21,"b:63:11:63:25:63:25:63:Infinity":6,"s:67:13:74:Infinity":22,"f:67:56:67:57":11,"s:68:21:68:Infinity":23,"s:69:14:69:Infinity":24,"s:70:2:73:Infinity":25,"f:71:12:71:13":12,"s:71:19:71:48":26,"f:72:10:72:11":13,"s:72:20:72:89":27}}}
}
